<?xml version="1.0" encoding="UTF-8"?>
<testsuite name="comp.web.gui.PriseListTest" tests="1" skipped="1" failures="0" errors="0" timestamp="2015-10-19T05:39:05" hostname="pdpopd-PC" time="0.0">
  <properties/>
  <testcase name="testPriceList" classname="comp.web.gui.PriseListTest" time="0.0">
    <skipped/>
  </testcase>
  <system-out><![CDATA[]]></system-out>
  <system-err><![CDATA[]]></system-err>
</testsuite>
