<?xml version="1.0" encoding="UTF-8"?>
<testsuite name="comp.web.persist.PriseListTest" tests="3" skipped="0" failures="0" errors="0" timestamp="2015-10-19T05:39:07" hostname="pdpopd-PC" time="0.206">
  <properties/>
  <testcase name="test1SaveAndRemove" classname="comp.web.persist.PriseListTest" time="0.051"/>
  <testcase name="test2InsertManyProducts" classname="comp.web.persist.PriseListTest" time="0.069"/>
  <testcase name="test3PriceList" classname="comp.web.persist.PriseListTest" time="0.086"/>
  <system-out><![CDATA[Hibernate: insert into CAT (id, name) values (null, ?)
Hibernate: insert into PROD (id, CAT_ID, name, price) values (null, ?, ?, ?)
Hibernate: delete from PROD where id=?
Hibernate: delete from CAT where id=?
Hibernate: insert into CAT (id, name) values (null, ?)
Hibernate: insert into CAT (id, name) values (null, ?)
Hibernate: insert into CAT (id, name) values (null, ?)
Product(id=0, cat=Category(id=2, name=Принтеры), name=принтер hp should, price=202538.0)
Hibernate: insert into PROD (id, CAT_ID, name, price) values (null, ?, ?, ?)
Product(id=0, cat=Category(id=3, name=Картриджы), name=Картридж для Panasonic island, price=1082.0)
Hibernate: insert into PROD (id, CAT_ID, name, price) values (null, ?, ?, ?)
Product(id=0, cat=Category(id=2, name=Принтеры), name=ПРИНТЕР EPSON ROOM, price=134666.0)
Hibernate: insert into PROD (id, CAT_ID, name, price) values (null, ?, ?, ?)
Product(id=0, cat=Category(id=2, name=Принтеры), name=Принтер Xerox light, price=125311.0)
Hibernate: insert into PROD (id, CAT_ID, name, price) values (null, ?, ?, ?)
Product(id=0, cat=Category(id=4, name=Бумага), name=бумага снегурочка they, price=1735.0)
Hibernate: insert into PROD (id, CAT_ID, name, price) values (null, ?, ?, ?)
Product(id=0, cat=Category(id=3, name=Картриджы), name=Картридж для Xerox end, price=5052.99)
Hibernate: insert into PROD (id, CAT_ID, name, price) values (null, ?, ?, ?)
Product(id=0, cat=Category(id=2, name=Принтеры), name=Принтер HP hatch, price=56877.0)
Hibernate: insert into PROD (id, CAT_ID, name, price) values (null, ?, ?, ?)
Product(id=0, cat=Category(id=4, name=Бумага), name=БУМАГА СНЕГУРОЧКА BADLY, price=1307.0)
Hibernate: insert into PROD (id, CAT_ID, name, price) values (null, ?, ?, ?)
Product(id=0, cat=Category(id=2, name=Принтеры), name=Принтер Xerox text, price=76729.99)
Hibernate: insert into PROD (id, CAT_ID, name, price) values (null, ?, ?, ?)
Product(id=0, cat=Category(id=2, name=Принтеры), name=Принтер Xerox it's, price=189077.0)
Hibernate: insert into PROD (id, CAT_ID, name, price) values (null, ?, ?, ?)
Product(id=0, cat=Category(id=3, name=Картриджы), name=Картридж для HP room, price=9434.99)
Hibernate: insert into PROD (id, CAT_ID, name, price) values (null, ?, ?, ?)
Product(id=0, cat=Category(id=3, name=Картриджы), name=картридж для xerox wrong, price=6779.0)
Hibernate: insert into PROD (id, CAT_ID, name, price) values (null, ?, ?, ?)
Product(id=0, cat=Category(id=3, name=Картриджы), name=Картридж для Epson are, price=2714.99)
Hibernate: insert into PROD (id, CAT_ID, name, price) values (null, ?, ?, ?)
Product(id=0, cat=Category(id=3, name=Картриджы), name=Картридж для Panasonic in, price=5971.0)
Hibernate: insert into PROD (id, CAT_ID, name, price) values (null, ?, ?, ?)
Product(id=0, cat=Category(id=2, name=Принтеры), name=Принтер Xerox secretly, price=93964.0)
Hibernate: insert into PROD (id, CAT_ID, name, price) values (null, ?, ?, ?)
Product(id=0, cat=Category(id=4, name=Бумага), name=Бумага Снегурочка so, price=1901.99)
Hibernate: insert into PROD (id, CAT_ID, name, price) values (null, ?, ?, ?)
Product(id=0, cat=Category(id=2, name=Принтеры), name=Принтер Xerox dreams, price=76484.0)
Hibernate: insert into PROD (id, CAT_ID, name, price) values (null, ?, ?, ?)
Product(id=0, cat=Category(id=2, name=Принтеры), name=Принтер Epson of, price=135800.0)
Hibernate: insert into PROD (id, CAT_ID, name, price) values (null, ?, ?, ?)
Product(id=0, cat=Category(id=2, name=Принтеры), name=принтер panasonic my, price=12181.99)
Hibernate: insert into PROD (id, CAT_ID, name, price) values (null, ?, ?, ?)
Product(id=0, cat=Category(id=4, name=Бумага), name=Бумага Снегурочка to, price=1651.0)
Hibernate: insert into PROD (id, CAT_ID, name, price) values (null, ?, ?, ?)
Product(id=0, cat=Category(id=3, name=Картриджы), name=Картридж для Panasonic something, price=2850.99)
Hibernate: insert into PROD (id, CAT_ID, name, price) values (null, ?, ?, ?)
Product(id=0, cat=Category(id=4, name=Бумага), name=Бумага Снегурочка headphones, price=856.0)
Hibernate: insert into PROD (id, CAT_ID, name, price) values (null, ?, ?, ?)
Product(id=0, cat=Category(id=2, name=Принтеры), name=Принтер Epson died, price=80919.0)
Hibernate: insert into PROD (id, CAT_ID, name, price) values (null, ?, ?, ?)
Product(id=0, cat=Category(id=3, name=Картриджы), name=Картридж для Panasonic died, price=4638.99)
Hibernate: insert into PROD (id, CAT_ID, name, price) values (null, ?, ?, ?)
Product(id=0, cat=Category(id=4, name=Бумага), name=Бумага Фотобумага days, price=742.99)
Hibernate: insert into PROD (id, CAT_ID, name, price) values (null, ?, ?, ?)
Product(id=0, cat=Category(id=4, name=Бумага), name=Бумага Фотобумага or maybe, price=131.99)
Hibernate: insert into PROD (id, CAT_ID, name, price) values (null, ?, ?, ?)
Product(id=0, cat=Category(id=3, name=Картриджы), name=Картридж для HP with, price=6801.0)
Hibernate: insert into PROD (id, CAT_ID, name, price) values (null, ?, ?, ?)
Product(id=0, cat=Category(id=4, name=Бумага), name=Бумага Снегурочка something, price=182.0)
Hibernate: insert into PROD (id, CAT_ID, name, price) values (null, ?, ?, ?)
Product(id=0, cat=Category(id=2, name=Принтеры), name=принтер hp my, price=116275.0)
Hibernate: insert into PROD (id, CAT_ID, name, price) values (null, ?, ?, ?)
Product(id=0, cat=Category(id=4, name=Бумага), name=Бумага Xerox many, price=1384.0)
Hibernate: insert into PROD (id, CAT_ID, name, price) values (null, ?, ?, ?)
Product(id=0, cat=Category(id=3, name=Картриджы), name=Картридж для Xerox it, price=2974.99)
Hibernate: insert into PROD (id, CAT_ID, name, price) values (null, ?, ?, ?)
Product(id=0, cat=Category(id=3, name=Картриджы), name=КАРТРИДЖ ДЛЯ XEROX DISCOVERED, price=7575.0)
Hibernate: insert into PROD (id, CAT_ID, name, price) values (null, ?, ?, ?)
Product(id=0, cat=Category(id=3, name=Картриджы), name=картридж для hp text, price=5261.0)
Hibernate: insert into PROD (id, CAT_ID, name, price) values (null, ?, ?, ?)
Product(id=0, cat=Category(id=4, name=Бумага), name=бумага фотобумага man, price=951.0)
Hibernate: insert into PROD (id, CAT_ID, name, price) values (null, ?, ?, ?)
Product(id=0, cat=Category(id=3, name=Картриджы), name=Картридж для Panasonic crash, price=1264.99)
Hibernate: insert into PROD (id, CAT_ID, name, price) values (null, ?, ?, ?)
Product(id=0, cat=Category(id=3, name=Картриджы), name=Картридж для Xerox to, price=9372.99)
Hibernate: insert into PROD (id, CAT_ID, name, price) values (null, ?, ?, ?)
Product(id=0, cat=Category(id=4, name=Бумага), name=Бумага Снегурочка captain, price=183.0)
Hibernate: insert into PROD (id, CAT_ID, name, price) values (null, ?, ?, ?)
Product(id=0, cat=Category(id=3, name=Картриджы), name=картридж для hp leader, price=1515.0)
Hibernate: insert into PROD (id, CAT_ID, name, price) values (null, ?, ?, ?)
Product(id=0, cat=Category(id=3, name=Картриджы), name=Картридж для HP assert, price=5103.0)
Hibernate: insert into PROD (id, CAT_ID, name, price) values (null, ?, ?, ?)
Product(id=0, cat=Category(id=2, name=Принтеры), name=Принтер HP sits, price=75761.0)
Hibernate: insert into PROD (id, CAT_ID, name, price) values (null, ?, ?, ?)
Product(id=0, cat=Category(id=4, name=Бумага), name=БУМАГА СНЕГУРОЧКА THIS, price=1609.99)
Hibernate: insert into PROD (id, CAT_ID, name, price) values (null, ?, ?, ?)
Product(id=0, cat=Category(id=3, name=Картриджы), name=Картридж для Epson cold, price=5612.0)
Hibernate: insert into PROD (id, CAT_ID, name, price) values (null, ?, ?, ?)
Product(id=0, cat=Category(id=3, name=Картриджы), name=Картридж для Panasonic of, price=5904.0)
Hibernate: insert into PROD (id, CAT_ID, name, price) values (null, ?, ?, ?)
Product(id=0, cat=Category(id=2, name=Принтеры), name=Принтер Epson enter, price=3299.0)
Hibernate: insert into PROD (id, CAT_ID, name, price) values (null, ?, ?, ?)
Product(id=0, cat=Category(id=3, name=Картриджы), name=Картридж для HP sacrifice, price=1177.0)
Hibernate: insert into PROD (id, CAT_ID, name, price) values (null, ?, ?, ?)
Product(id=0, cat=Category(id=4, name=Бумага), name=Бумага Фотобумага wrong, price=1810.0)
Hibernate: insert into PROD (id, CAT_ID, name, price) values (null, ?, ?, ?)
Product(id=0, cat=Category(id=4, name=Бумага), name=Бумага Снегурочка found, price=1320.0)
Hibernate: insert into PROD (id, CAT_ID, name, price) values (null, ?, ?, ?)
Product(id=0, cat=Category(id=2, name=Принтеры), name=Принтер Panasonic about, price=155771.0)
Hibernate: insert into PROD (id, CAT_ID, name, price) values (null, ?, ?, ?)
Product(id=0, cat=Category(id=3, name=Картриджы), name=Картридж для Panasonic badly, price=2085.0)
Hibernate: insert into PROD (id, CAT_ID, name, price) values (null, ?, ?, ?)
Product(id=0, cat=Category(id=3, name=Картриджы), name=картридж для hp discovered, price=1105.99)
Hibernate: insert into PROD (id, CAT_ID, name, price) values (null, ?, ?, ?)
Product(id=0, cat=Category(id=2, name=Принтеры), name=Принтер Panasonic room, price=13548.0)
Hibernate: insert into PROD (id, CAT_ID, name, price) values (null, ?, ?, ?)
Product(id=0, cat=Category(id=3, name=Картриджы), name=Картридж для Epson what, price=7753.99)
Hibernate: insert into PROD (id, CAT_ID, name, price) values (null, ?, ?, ?)
Product(id=0, cat=Category(id=4, name=Бумага), name=Бумага Снегурочка moved, price=1310.0)
Hibernate: insert into PROD (id, CAT_ID, name, price) values (null, ?, ?, ?)
Product(id=0, cat=Category(id=3, name=Картриджы), name=Картридж для Xerox badly, price=4088.0)
Hibernate: insert into PROD (id, CAT_ID, name, price) values (null, ?, ?, ?)
Product(id=0, cat=Category(id=4, name=Бумага), name=Бумага Снегурочка what, price=1942.0)
Hibernate: insert into PROD (id, CAT_ID, name, price) values (null, ?, ?, ?)
Product(id=0, cat=Category(id=2, name=Принтеры), name=Принтер Panasonic build, price=141161.0)
Hibernate: insert into PROD (id, CAT_ID, name, price) values (null, ?, ?, ?)
Product(id=0, cat=Category(id=4, name=Бумага), name=бумага xerox the, price=318.0)
Hibernate: insert into PROD (id, CAT_ID, name, price) values (null, ?, ?, ?)
Product(id=0, cat=Category(id=2, name=Принтеры), name=Принтер HP plane, price=40676.0)
Hibernate: insert into PROD (id, CAT_ID, name, price) values (null, ?, ?, ?)
Product(id=0, cat=Category(id=4, name=Бумага), name=Бумага Xerox lock, price=157.0)
Hibernate: insert into PROD (id, CAT_ID, name, price) values (null, ?, ?, ?)
Product(id=0, cat=Category(id=4, name=Бумага), name=БУМАГА СНЕГУРОЧКА DO, price=1734.0)
Hibernate: insert into PROD (id, CAT_ID, name, price) values (null, ?, ?, ?)
Product(id=0, cat=Category(id=3, name=Картриджы), name=Картридж для Epson man, price=9125.0)
Hibernate: insert into PROD (id, CAT_ID, name, price) values (null, ?, ?, ?)
Product(id=0, cat=Category(id=3, name=Картриджы), name=Картридж для Panasonic hatch, price=4359.99)
Hibernate: insert into PROD (id, CAT_ID, name, price) values (null, ?, ?, ?)
Product(id=0, cat=Category(id=4, name=Бумага), name=Бумага Фотобумага banging, price=1605.99)
Hibernate: insert into PROD (id, CAT_ID, name, price) values (null, ?, ?, ?)
Product(id=0, cat=Category(id=2, name=Принтеры), name=Принтер HP pique, price=149158.99)
Hibernate: insert into PROD (id, CAT_ID, name, price) values (null, ?, ?, ?)
Product(id=0, cat=Category(id=4, name=Бумага), name=Бумага Снегурочка hat, price=1163.99)
Hibernate: insert into PROD (id, CAT_ID, name, price) values (null, ?, ?, ?)
Product(id=0, cat=Category(id=3, name=Картриджы), name=Картридж для HP came, price=9174.99)
Hibernate: insert into PROD (id, CAT_ID, name, price) values (null, ?, ?, ?)
Product(id=0, cat=Category(id=2, name=Принтеры), name=Принтер Xerox enter, price=152970.99)
Hibernate: insert into PROD (id, CAT_ID, name, price) values (null, ?, ?, ?)
Product(id=0, cat=Category(id=3, name=Картриджы), name=Картридж для HP room, price=2813.0)
Hibernate: insert into PROD (id, CAT_ID, name, price) values (null, ?, ?, ?)
Product(id=0, cat=Category(id=3, name=Картриджы), name=Картридж для Panasonic until, price=8968.0)
Hibernate: insert into PROD (id, CAT_ID, name, price) values (null, ?, ?, ?)
Product(id=0, cat=Category(id=3, name=Картриджы), name=Картридж для Panasonic demanded, price=7526.0)
Hibernate: insert into PROD (id, CAT_ID, name, price) values (null, ?, ?, ?)
Product(id=0, cat=Category(id=3, name=Картриджы), name=Картридж для HP visions, price=8912.0)
Hibernate: insert into PROD (id, CAT_ID, name, price) values (null, ?, ?, ?)
Product(id=0, cat=Category(id=2, name=Принтеры), name=принтер xerox ship, price=167620.99)
Hibernate: insert into PROD (id, CAT_ID, name, price) values (null, ?, ?, ?)
Product(id=0, cat=Category(id=2, name=Принтеры), name=принтер xerox magnetic, price=97419.0)
Hibernate: insert into PROD (id, CAT_ID, name, price) values (null, ?, ?, ?)
Product(id=0, cat=Category(id=4, name=Бумага), name=Бумага Xerox build, price=685.0)
Hibernate: insert into PROD (id, CAT_ID, name, price) values (null, ?, ?, ?)
Product(id=0, cat=Category(id=4, name=Бумага), name=Бумага Фотобумага suspense, price=1087.99)
Hibernate: insert into PROD (id, CAT_ID, name, price) values (null, ?, ?, ?)
Product(id=0, cat=Category(id=3, name=Картриджы), name=Картридж для Panasonic ill, price=6542.0)
Hibernate: insert into PROD (id, CAT_ID, name, price) values (null, ?, ?, ?)
Product(id=0, cat=Category(id=4, name=Бумага), name=Бумага Снегурочка on, price=1882.0)
Hibernate: insert into PROD (id, CAT_ID, name, price) values (null, ?, ?, ?)
Product(id=0, cat=Category(id=3, name=Картриджы), name=Картридж для Epson a, price=5648.99)
Hibernate: insert into PROD (id, CAT_ID, name, price) values (null, ?, ?, ?)
Product(id=0, cat=Category(id=3, name=Картриджы), name=картридж для epson ending, price=3999.0)
Hibernate: insert into PROD (id, CAT_ID, name, price) values (null, ?, ?, ?)
Product(id=0, cat=Category(id=2, name=Принтеры), name=Принтер Epson as, price=174256.0)
Hibernate: insert into PROD (id, CAT_ID, name, price) values (null, ?, ?, ?)
Product(id=0, cat=Category(id=3, name=Картриджы), name=Картридж для Xerox asked, price=8340.0)
Hibernate: insert into PROD (id, CAT_ID, name, price) values (null, ?, ?, ?)
Product(id=0, cat=Category(id=4, name=Бумага), name=Бумага Xerox dad, price=374.0)
Hibernate: insert into PROD (id, CAT_ID, name, price) values (null, ?, ?, ?)
Product(id=0, cat=Category(id=3, name=Картриджы), name=Картридж для Xerox until, price=8541.99)
Hibernate: insert into PROD (id, CAT_ID, name, price) values (null, ?, ?, ?)
Product(id=0, cat=Category(id=4, name=Бумага), name=Бумага Снегурочка much, price=1262.0)
Hibernate: insert into PROD (id, CAT_ID, name, price) values (null, ?, ?, ?)
Product(id=0, cat=Category(id=3, name=Картриджы), name=Картридж для Panasonic to, price=8681.0)
Hibernate: insert into PROD (id, CAT_ID, name, price) values (null, ?, ?, ?)
Product(id=0, cat=Category(id=2, name=Принтеры), name=Принтер Xerox build, price=115147.99)
Hibernate: insert into PROD (id, CAT_ID, name, price) values (null, ?, ?, ?)
Product(id=0, cat=Category(id=3, name=Картриджы), name=Картридж для Epson secretly, price=3472.0)
Hibernate: insert into PROD (id, CAT_ID, name, price) values (null, ?, ?, ?)
Product(id=0, cat=Category(id=4, name=Бумага), name=БУМАГА СНЕГУРОЧКА WEB, price=440.0)
Hibernate: insert into PROD (id, CAT_ID, name, price) values (null, ?, ?, ?)
Product(id=0, cat=Category(id=2, name=Принтеры), name=Принтер Panasonic sits, price=49785.0)
Hibernate: insert into PROD (id, CAT_ID, name, price) values (null, ?, ?, ?)
Product(id=0, cat=Category(id=4, name=Бумага), name=Бумага Фотобумага numbers, price=631.0)
Hibernate: insert into PROD (id, CAT_ID, name, price) values (null, ?, ?, ?)
Product(id=0, cat=Category(id=2, name=Принтеры), name=Принтер Xerox where, price=181120.99)
Hibernate: insert into PROD (id, CAT_ID, name, price) values (null, ?, ?, ?)
Product(id=0, cat=Category(id=2, name=Принтеры), name=Принтер HP about, price=83513.0)
Hibernate: insert into PROD (id, CAT_ID, name, price) values (null, ?, ?, ?)
Product(id=0, cat=Category(id=2, name=Принтеры), name=Принтер Xerox automatically, price=33551.99)
Hibernate: insert into PROD (id, CAT_ID, name, price) values (null, ?, ?, ?)
Product(id=0, cat=Category(id=3, name=Картриджы), name=КАРТРИДЖ ДЛЯ XEROX DAYS, price=2523.99)
Hibernate: insert into PROD (id, CAT_ID, name, price) values (null, ?, ?, ?)
Product(id=0, cat=Category(id=3, name=Картриджы), name=Картридж для HP fire, price=4319.0)
Hibernate: insert into PROD (id, CAT_ID, name, price) values (null, ?, ?, ?)
Product(id=0, cat=Category(id=3, name=Картриджы), name=Картридж для Panasonic warp, price=7982.0)
Hibernate: insert into PROD (id, CAT_ID, name, price) values (null, ?, ?, ?)
Product(id=0, cat=Category(id=3, name=Картриджы), name=Картридж для HP hold, price=640.0)
Hibernate: insert into PROD (id, CAT_ID, name, price) values (null, ?, ?, ?)
Product(id=0, cat=Category(id=3, name=Картриджы), name=Картридж для Xerox to, price=728.0)
Hibernate: insert into PROD (id, CAT_ID, name, price) values (null, ?, ?, ?)
Product(id=0, cat=Category(id=4, name=Бумага), name=Бумага Xerox captain, price=1576.0)
Hibernate: insert into PROD (id, CAT_ID, name, price) values (null, ?, ?, ?)
Product(id=0, cat=Category(id=2, name=Принтеры), name=Принтер Xerox in, price=109986.99)
Hibernate: insert into PROD (id, CAT_ID, name, price) values (null, ?, ?, ?)
Product(id=0, cat=Category(id=4, name=Бумага), name=Бумага Фотобумага words, price=867.99)
Hibernate: insert into PROD (id, CAT_ID, name, price) values (null, ?, ?, ?)
Hibernate: select product0_.id as id1_1_, product0_.CAT_ID as CAT_ID4_1_, product0_.name as name2_1_, product0_.price as price3_1_ from PROD product0_ cross join CAT category1_ where product0_.CAT_ID=category1_.id and (lower(category1_.name) like lower(?)) and (lower(product0_.name) like lower(?)) and (product0_.price between ? and ?)
Hibernate: select category0_.id as id1_0_0_, category0_.name as name2_0_0_ from CAT category0_ where category0_.id=?
Hibernate: select product0_.id as id1_1_, product0_.CAT_ID as CAT_ID4_1_, product0_.name as name2_1_, product0_.price as price3_1_ from PROD product0_ cross join CAT category1_ where product0_.CAT_ID=category1_.id and (lower(category1_.name) like lower(?)) and (lower(product0_.name) like lower(?)) and (product0_.price between ? and ?)
Hibernate: select category0_.id as id1_0_0_, category0_.name as name2_0_0_ from CAT category0_ where category0_.id=?
Hibernate: select product0_.id as id1_1_, product0_.CAT_ID as CAT_ID4_1_, product0_.name as name2_1_, product0_.price as price3_1_ from PROD product0_ cross join CAT category1_ where product0_.CAT_ID=category1_.id and (lower(category1_.name) like lower(?)) and (lower(product0_.name) like lower(?)) and (product0_.price between ? and ?)
Hibernate: select category0_.id as id1_0_0_, category0_.name as name2_0_0_ from CAT category0_ where category0_.id=?
Hibernate: select product0_.id as id1_1_, product0_.CAT_ID as CAT_ID4_1_, product0_.name as name2_1_, product0_.price as price3_1_ from PROD product0_ cross join CAT category1_ where product0_.CAT_ID=category1_.id and (lower(category1_.name) like lower(?)) and (lower(product0_.name) like lower(?)) and (product0_.price between ? and ?)
Hibernate: select category0_.id as id1_0_0_, category0_.name as name2_0_0_ from CAT category0_ where category0_.id=?
Hibernate: select product0_.id as id1_1_, product0_.CAT_ID as CAT_ID4_1_, product0_.name as name2_1_, product0_.price as price3_1_ from PROD product0_ cross join CAT category1_ where product0_.CAT_ID=category1_.id and (lower(category1_.name) like lower(?)) and (lower(product0_.name) like lower(?)) and (product0_.price between ? and ?)
Hibernate: select category0_.id as id1_0_0_, category0_.name as name2_0_0_ from CAT category0_ where category0_.id=?
Hibernate: select product0_.id as id1_1_, product0_.CAT_ID as CAT_ID4_1_, product0_.name as name2_1_, product0_.price as price3_1_ from PROD product0_ cross join CAT category1_ where product0_.CAT_ID=category1_.id and (lower(category1_.name) like lower(?)) and (lower(product0_.name) like lower(?)) and (product0_.price between ? and ?)
Hibernate: select category0_.id as id1_0_0_, category0_.name as name2_0_0_ from CAT category0_ where category0_.id=?
Hibernate: select product0_.id as id1_1_, product0_.CAT_ID as CAT_ID4_1_, product0_.name as name2_1_, product0_.price as price3_1_ from PROD product0_ cross join CAT category1_ where product0_.CAT_ID=category1_.id and (lower(category1_.name) like lower(?)) and (lower(product0_.name) like lower(?)) and (product0_.price between ? and ?)
]]></system-out>
  <system-err><![CDATA[окт 19, 2015 3:39:05 PM org.hibernate.ejb.HibernatePersistence logDeprecation
WARN: HHH015016: Encountered a deprecated javax.persistence.spi.PersistenceProvider [org.hibernate.ejb.HibernatePersistence]; use [org.hibernate.jpa.HibernatePersistenceProvider] instead.
окт 19, 2015 3:39:05 PM org.hibernate.ejb.HibernatePersistence logDeprecation
WARN: HHH015016: Encountered a deprecated javax.persistence.spi.PersistenceProvider [org.hibernate.ejb.HibernatePersistence]; use [org.hibernate.jpa.HibernatePersistenceProvider] instead.
окт 19, 2015 3:39:05 PM org.hibernate.ejb.HibernatePersistence logDeprecation
WARN: HHH015016: Encountered a deprecated javax.persistence.spi.PersistenceProvider [org.hibernate.ejb.HibernatePersistence]; use [org.hibernate.jpa.HibernatePersistenceProvider] instead.
окт 19, 2015 3:39:06 PM org.hibernate.jpa.internal.util.LogHelper logPersistenceUnitInformation
INFO: HHH000204: Processing PersistenceUnitInfo [
	name: testJPA
	...]
окт 19, 2015 3:39:06 PM org.hibernate.Version logVersion
INFO: HHH000412: Hibernate Core {4.3.5.Final}
окт 19, 2015 3:39:06 PM org.hibernate.cfg.Environment <clinit>
INFO: HHH000206: hibernate.properties not found
окт 19, 2015 3:39:06 PM org.hibernate.cfg.Environment buildBytecodeProvider
INFO: HHH000021: Bytecode provider name : javassist
окт 19, 2015 3:39:06 PM org.hibernate.annotations.common.reflection.java.JavaReflectionManager <clinit>
INFO: HCANN000001: Hibernate Commons Annotations {4.0.4.Final}
окт 19, 2015 3:39:06 PM org.hibernate.engine.jdbc.connections.internal.DriverManagerConnectionProviderImpl configure
WARN: HHH000402: Using Hibernate built-in connection pool (not for production use!)
окт 19, 2015 3:39:06 PM org.hibernate.engine.jdbc.connections.internal.DriverManagerConnectionProviderImpl buildCreator
INFO: HHH000401: using driver [org.h2.Driver] at URL [jdbc:h2:mem:test]
окт 19, 2015 3:39:06 PM org.hibernate.engine.jdbc.connections.internal.DriverManagerConnectionProviderImpl buildCreator
INFO: HHH000046: Connection properties: {user=sa, password=****}
окт 19, 2015 3:39:06 PM org.hibernate.engine.jdbc.connections.internal.DriverManagerConnectionProviderImpl buildCreator
INFO: HHH000006: Autocommit mode: false
окт 19, 2015 3:39:06 PM org.hibernate.engine.jdbc.connections.internal.DriverManagerConnectionProviderImpl configure
INFO: HHH000115: Hibernate connection pool size: 20 (min=1)
окт 19, 2015 3:39:06 PM org.hibernate.dialect.Dialect <init>
INFO: HHH000400: Using dialect: org.hibernate.dialect.H2Dialect
окт 19, 2015 3:39:06 PM org.hibernate.hql.internal.ast.ASTQueryTranslatorFactory <init>
INFO: HHH000397: Using ASTQueryTranslatorFactory
окт 19, 2015 3:39:07 PM org.hibernate.tool.hbm2ddl.SchemaUpdate execute
INFO: HHH000228: Running hbm2ddl schema update
окт 19, 2015 3:39:07 PM org.hibernate.tool.hbm2ddl.SchemaUpdate execute
INFO: HHH000102: Fetching database metadata
окт 19, 2015 3:39:07 PM org.hibernate.tool.hbm2ddl.SchemaUpdate execute
INFO: HHH000396: Updating schema
окт 19, 2015 3:39:07 PM org.hibernate.tool.hbm2ddl.DatabaseMetadata getTableMetadata
INFO: HHH000262: Table not found: CAT
окт 19, 2015 3:39:07 PM org.hibernate.tool.hbm2ddl.DatabaseMetadata getTableMetadata
INFO: HHH000262: Table not found: PROD
окт 19, 2015 3:39:07 PM org.hibernate.tool.hbm2ddl.DatabaseMetadata getTableMetadata
INFO: HHH000262: Table not found: CAT
окт 19, 2015 3:39:07 PM org.hibernate.tool.hbm2ddl.DatabaseMetadata getTableMetadata
INFO: HHH000262: Table not found: PROD
окт 19, 2015 3:39:07 PM org.hibernate.tool.hbm2ddl.DatabaseMetadata getTableMetadata
INFO: HHH000262: Table not found: CAT
окт 19, 2015 3:39:07 PM org.hibernate.tool.hbm2ddl.DatabaseMetadata getTableMetadata
INFO: HHH000262: Table not found: PROD
окт 19, 2015 3:39:07 PM org.hibernate.tool.hbm2ddl.SchemaUpdate execute
INFO: HHH000232: Schema update complete
]]></system-err>
</testsuite>
